Building DAG of jobs...
Using shell: /usr/local/bin/bash
Provided cores: 1 (use --cores to define parallelism)
Rules claiming more threads will be scaled down.
Job stats:
job                count    min threads    max threads
---------------  -------  -------------  -------------
all                    1              1              1
data_for_hddmrl        1              1              1
data_wrangling         1              1              1
total                  3              1              1

Select jobs to execute...

[Fri Jun  9 08:59:22 2023]
rule data_wrangling:
    input: data/prep/groundhog_raw.RDS
    output: data/prep/groundhog_clean.RDS
    log: logs/data_wrangling.log
    jobid: 2
    reason: Code has changed since last execution
    resources: tmpdir=/var/folders/hl/dt523djx7_q7xjrthzjpdvc40000gn/T

[Fri Jun  9 08:59:29 2023]
Finished job 2.
1 of 3 steps (33%) done
Select jobs to execute...

[Fri Jun  9 08:59:29 2023]
rule data_for_hddmrl:
    input: data/prep/groundhog_clean.RDS
    output: data/prep/groundhog_hddmrl_data.csv
    log: logs/data_for_hddmrl.log
    jobid: 3
    reason: Input files updated by another job: data/prep/groundhog_clean.RDS
    resources: tmpdir=/var/folders/hl/dt523djx7_q7xjrthzjpdvc40000gn/T

[Fri Jun  9 08:59:31 2023]
Error in rule data_for_hddmrl:
    jobid: 3
    input: data/prep/groundhog_clean.RDS
    output: data/prep/groundhog_hddmrl_data.csv
    log: logs/data_for_hddmrl.log (check log file(s) for error details)

Shutting down, this might take some time.
Exiting because a job execution failed. Look above for error message
Complete log: .snakemake/log/2023-06-09T085922.262679.snakemake.log
