Building DAG of jobs...
Using shell: /usr/local/bin/bash
Provided cores: 1 (use --cores to define parallelism)
Rules claiming more threads will be scaled down.
Job stats:
job                count    min threads    max threads
---------------  -------  -------------  -------------
all                    1              1              1
data_for_hddmrl        1              1              1
data_wrangling         1              1              1
read_data              1              1              1
total                  4              1              1

Select jobs to execute...

[Thu Jun  8 13:51:27 2023]
rule read_data:
    input: data/raw/data.xlsx, data/raw/experiment_data
    output: data/prep/groundhog_raw.RDS
    jobid: 1
    reason: Code has changed since last execution
    resources: tmpdir=/var/folders/hl/dt523djx7_q7xjrthzjpdvc40000gn/T

[Thu Jun  8 13:51:35 2023]
Finished job 1.
1 of 4 steps (25%) done
Select jobs to execute...

[Thu Jun  8 13:51:35 2023]
rule data_wrangling:
    input: data/prep/groundhog_raw.RDS
    output: data/prep/groundhog_clean.RDS
    jobid: 2
    reason: Input files updated by another job: data/prep/groundhog_raw.RDS
    resources: tmpdir=/var/folders/hl/dt523djx7_q7xjrthzjpdvc40000gn/T

[Thu Jun  8 13:51:41 2023]
Finished job 2.
2 of 4 steps (50%) done
Select jobs to execute...

[Thu Jun  8 13:51:41 2023]
rule data_for_hddmrl:
    input: data/prep/groundhog_clean.RDS
    output: data/prep/groundhog_hddmrl_data.csv
    jobid: 3
    reason: Input files updated by another job: data/prep/groundhog_clean.RDS
    resources: tmpdir=/var/folders/hl/dt523djx7_q7xjrthzjpdvc40000gn/T

[Thu Jun  8 13:51:42 2023]
Finished job 3.
3 of 4 steps (75%) done
Select jobs to execute...

[Thu Jun  8 13:51:42 2023]
localrule all:
    input: data/prep/groundhog_raw.RDS, data/prep/groundhog_clean.RDS, data/prep/groundhog_hddmrl_data.csv
    jobid: 0
    reason: Input files updated by another job: data/prep/groundhog_hddmrl_data.csv, data/prep/groundhog_clean.RDS, data/prep/groundhog_raw.RDS
    resources: tmpdir=/var/folders/hl/dt523djx7_q7xjrthzjpdvc40000gn/T

[Thu Jun  8 13:51:42 2023]
Finished job 0.
4 of 4 steps (100%) done
Complete log: .snakemake/log/2023-06-08T135127.295472.snakemake.log
