Building DAG of jobs...
Using shell: /usr/local/bin/bash
Provided cores: 1 (use --cores to define parallelism)
Rules claiming more threads will be scaled down.
Job stats:
job          count    min threads    max threads
---------  -------  -------------  -------------
all              1              1              1
read_data        1              1              1
total            2              1              1

Select jobs to execute...

[Fri Jun  2 11:23:51 2023]
rule read_data:
    input: data/raw/data.xlsx, data/raw/experiment_data
    output: data/prep/groundhog_raw.RDS
    jobid: 1
    reason: Missing output files: data/prep/groundhog_raw.RDS
    resources: tmpdir=/var/folders/hl/dt523djx7_q7xjrthzjpdvc40000gn/T

[Fri Jun  2 11:23:51 2023]
Error in rule read_data:
    jobid: 1
    input: data/raw/data.xlsx, data/raw/experiment_data
    output: data/prep/groundhog_raw.RDS

Shutting down, this might take some time.
Exiting because a job execution failed. Look above for error message
Complete log: .snakemake/log/2023-06-02T112351.350851.snakemake.log
