Building DAG of jobs...
Using shell: /usr/local/bin/bash
Provided cores: 1 (use --cores to define parallelism)
Rules claiming more threads will be scaled down.
Job stats:
job               count    min threads    max threads
--------------  -------  -------------  -------------
all                   1              1              1
data_wrangling        1              1              1
total                 2              1              1

Select jobs to execute...

[Fri Jun  2 13:46:26 2023]
rule data_wrangling:
    input: data/prep/groundhog_raw.RDS
    output: data/prep/groundhog_clean.RDS
    jobid: 2
    reason: Missing output files: data/prep/groundhog_clean.RDS
    resources: tmpdir=/var/folders/hl/dt523djx7_q7xjrthzjpdvc40000gn/T

[Fri Jun  2 13:46:29 2023]
Finished job 2.
1 of 2 steps (50%) done
Select jobs to execute...

[Fri Jun  2 13:46:29 2023]
localrule all:
    input: data/prep/groundhog_raw.RDS, data/prep/groundhog_clean.RDS
    jobid: 0
    reason: Input files updated by another job: data/prep/groundhog_clean.RDS
    resources: tmpdir=/var/folders/hl/dt523djx7_q7xjrthzjpdvc40000gn/T

[Fri Jun  2 13:46:29 2023]
Finished job 0.
2 of 2 steps (100%) done
Complete log: .snakemake/log/2023-06-02T134626.318011.snakemake.log
