Building DAG of jobs...
Using shell: /usr/local/bin/bash
Provided cores: 1 (use --cores to define parallelism)
Rules claiming more threads will be scaled down.
Job stats:
job                count    min threads    max threads
---------------  -------  -------------  -------------
all                    1              1              1
data_for_hddmrl        1              1              1
total                  2              1              1

Select jobs to execute...

[Thu Jun  8 13:55:28 2023]
rule data_for_hddmrl:
    input: data/prep/groundhog_clean.RDS
    output: data/prep/groundhog_hddmrl_data.csv
    log: logs/data_for_hddmrl.log
    jobid: 3
    reason: Missing output files: data/prep/groundhog_hddmrl_data.csv
    resources: tmpdir=/var/folders/hl/dt523djx7_q7xjrthzjpdvc40000gn/T

[Thu Jun  8 13:55:30 2023]
Finished job 3.
1 of 2 steps (50%) done
Select jobs to execute...

[Thu Jun  8 13:55:30 2023]
localrule all:
    input: data/prep/groundhog_raw.RDS, data/prep/groundhog_clean.RDS, data/prep/groundhog_hddmrl_data.csv
    jobid: 0
    reason: Input files updated by another job: data/prep/groundhog_hddmrl_data.csv
    resources: tmpdir=/var/folders/hl/dt523djx7_q7xjrthzjpdvc40000gn/T

[Thu Jun  8 13:55:30 2023]
Finished job 0.
2 of 2 steps (100%) done
Complete log: .snakemake/log/2023-06-08T135528.802595.snakemake.log
