Building DAG of jobs...
Using shell: /usr/local/bin/bash
Provided cores: 1 (use --cores to define parallelism)
Rules claiming more threads will be scaled down.
Job stats:
job                count    min threads    max threads
---------------  -------  -------------  -------------
all                    1              1              1
data_for_hddmrl        1              1              1
data_wrangling         1              1              1
total                  3              1              1

Select jobs to execute...

[Fri Jun  9 22:50:35 2023]
rule data_wrangling:
    input: data/prep/groundhog_raw.RDS
    output: data/prep/groundhog_clean.RDS
    log: logs/data_wrangling.log
    jobid: 2
    reason: Code has changed since last execution
    resources: tmpdir=/var/folders/hl/dt523djx7_q7xjrthzjpdvc40000gn/T

[Fri Jun  9 22:50:38 2023]
Error in rule data_wrangling:
    jobid: 2
    input: data/prep/groundhog_raw.RDS
    output: data/prep/groundhog_clean.RDS
    log: logs/data_wrangling.log (check log file(s) for error details)

Shutting down, this might take some time.
Exiting because a job execution failed. Look above for error message
Complete log: .snakemake/log/2023-06-09T225035.235244.snakemake.log
