Building DAG of jobs...
Using shell: /usr/local/bin/bash
Provided cores: 1 (use --cores to define parallelism)
Rules claiming more threads will be scaled down.
Job stats:
job                count    min threads    max threads
---------------  -------  -------------  -------------
all                    1              1              1
data_for_hddmrl        1              1              1
total                  2              1              1

Select jobs to execute...

[Mon Jun  5 13:14:06 2023]
rule data_for_hddmrl:
    input: data/prep/groundhog_clean.RDS
    output: data/prep/groundhog_hddmrl_data.csv
    jobid: 3
    reason: Code has changed since last execution
    resources: tmpdir=/var/folders/hl/dt523djx7_q7xjrthzjpdvc40000gn/T

[Mon Jun  5 13:14:08 2023]
Error in rule data_for_hddmrl:
    jobid: 3
    input: data/prep/groundhog_clean.RDS
    output: data/prep/groundhog_hddmrl_data.csv

Shutting down, this might take some time.
Exiting because a job execution failed. Look above for error message
Complete log: .snakemake/log/2023-06-05T131406.266409.snakemake.log
