Building DAG of jobs...
Using shell: /usr/local/bin/bash
Provided cores: 1 (use --cores to define parallelism)
Rules claiming more threads will be scaled down.
Job stats:
job           count    min threads    max threads
----------  -------  -------------  -------------
save_table        1              1              1
total             1              1              1

Select jobs to execute...

[Thu Jun  1 09:20:10 2023]
rule save_table:
    input: ../../../data/prep/penguin_subset.rds
    output: ../../../results/tables/tab_1.txt
    jobid: 0
    reason: Missing output files: ../../../results/tables/tab_1.txt
    resources: tmpdir=/var/folders/hl/dt523djx7_q7xjrthzjpdvc40000gn/T

[Thu Jun  1 09:20:11 2023]
Error in rule save_table:
    jobid: 0
    input: ../../../data/prep/penguin_subset.rds
    output: ../../../results/tables/tab_1.txt

Shutting down, this might take some time.
Exiting because a job execution failed. Look above for error message
Complete log: .snakemake/log/2023-06-01T092009.911373.snakemake.log
