Building DAG of jobs...
Using shell: /usr/local/bin/bash
Provided cores: 1 (use --cores to define parallelism)
Rules claiming more threads will be scaled down.
Job stats:
job          count    min threads    max threads
---------  -------  -------------  -------------
read_data        1              1              1
total            1              1              1

Select jobs to execute...

[Thu Jun  1 18:06:22 2023]
rule read_data:
    input: ../../data/raw/data.xlsx
    output: ../../data/prep/groundhog_init.RDS
    jobid: 0
    reason: Missing output files: ../../data/prep/groundhog_init.RDS
    resources: tmpdir=/var/folders/hl/dt523djx7_q7xjrthzjpdvc40000gn/T

[Thu Jun  1 18:06:28 2023]
Finished job 0.
1 of 1 steps (100%) done
Complete log: .snakemake/log/2023-06-01T180622.374085.snakemake.log
